#
# A fatal error has been detected by the Java Runtime Environment:
#
#  EXCEPTION_ACCESS_VIOLATION (0xc0000005) at pc=0x00007ff88933b2a6, pid=20300, tid=25308
#
# JRE version: OpenJDK Runtime Environment Microsoft-12574423 (17.0.17+10) (build 17.0.17+10-LTS)
# Java VM: OpenJDK 64-Bit Server VM Microsoft-12574423 (17.0.17+10-LTS, mixed mode, sharing, tiered, compressed oops, compressed class ptrs, g1 gc, windows-amd64)
# Problematic frame:
# C  [msvcrt.dll+0x7b2a6]
#
# No core dump will be written. Minidumps are not enabled by default on client versions of Windows
#
# If you would like to submit a bug report, please visit:
#   https://github.com/microsoft/openjdk/issues
# The crash happened outside the Java Virtual Machine in native code.
# See problematic frame for where to report the bug.
#

---------------  S U M M A R Y ------------

Command Line: -javaagent:C:\Program Files\JetBrains\IntelliJ IDEA 2025.2.3\lib\idea_rt.jar=61187 -Dfile.encoding=UTF-8 startgame.Main

Host: 12th Gen Intel(R) Core(TM) i5-12500H, 16 cores, 15G,  Windows 11 , 64 bit Build 26100 (10.0.26100.7019)
Time: Sun Nov 23 17:39:15 2025 Hora padrão de GMT elapsed time: 2.139392 seconds (0d 0h 0m 2s)

---------------  T H R E A D  ---------------

Current thread (0x0000023e6f01f3b0):  JavaThread "main" [_thread_in_native, id=25308, stack(0x0000009f59b00000,0x0000009f59c00000)]

Stack: [0x0000009f59b00000,0x0000009f59c00000],  sp=0x0000009f59bfef48,  free space=1019k
Native frames: (J=compiled Java code, j=interpreted, Vv=VM code, C=native code)
C  [msvcrt.dll+0x7b2a6]  (no source info available)
C  [gdx64.dll+0x20e6]  (no source info available)

Java frames: (J=compiled Java code, j=interpreted, Vv=VM code)
j  com.badlogic.gdx.utils.BufferUtils.copyJni([FLjava/nio/Buffer;II)V+0
j  com.badlogic.gdx.utils.BufferUtils.copy([FLjava/nio/Buffer;II)V+35
j  com.badlogic.gdx.graphics.glutils.VertexArray.setVertices([FII)V+7
j  com.badlogic.gdx.graphics.Mesh.setVertices([FII)Lcom/badlogic/gdx/graphics/Mesh;+7
j  com.badlogic.gdx.graphics.g2d.SpriteBatch.flush()V+76
j  com.badlogic.gdx.graphics.g2d.SpriteBatch.switchTexture(Lcom/badlogic/gdx/graphics/Texture;)V+1
j  com.badlogic.gdx.graphics.g2d.SpriteBatch.draw(Lcom/badlogic/gdx/graphics/g2d/TextureRegion;FFFF)V+41
j  com.badlogic.gdx.graphics.g2d.SpriteBatch.draw(Lcom/badlogic/gdx/graphics/g2d/TextureRegion;FF)V+14
j  startgame.gameinit.render()V+414
j  com.badlogic.gdx.backends.lwjgl3.Lwjgl3Window.update()Z+187
j  com.badlogic.gdx.backends.lwjgl3.Lwjgl3Application.loop()V+111
j  com.badlogic.gdx.backends.lwjgl3.Lwjgl3Application.<init>(Lcom/badlogic/gdx/ApplicationListener;Lcom/badlogic/gdx/backends/lwjgl3/Lwjgl3ApplicationConfiguration;)V+269
j  startgame.Main.main([Ljava/lang/String;)V+42
v  ~StubRoutines::call_stub

siginfo: EXCEPTION_ACCESS_VIOLATION (0xc0000005), writing address 0x0000023e54e06000


Registers:
RAX=0x0000023e54e05fd0, RBX=0x0000000713125d70, RCX=0x0000023e54e06020, RDX=0xfffffdc8be31fda0
RSP=0x0000009f59bfef48, RBP=0x0000009f59bff040, RSI=0x0000000000000014, RDI=0x0000000000000000
R8 =0x0000000000000000, R9 =0x0000000000000000, R10=0x00007fff8ea16240, R11=0x0000000713125dc0
R12=0x0000023e6f01f670, R13=0x0000023e54e05fd0, R14=0x0000009f59bff078, R15=0x0000023e6f01f3b0
RIP=0x00007ff88933b2a6, EFLAGS=0x0000000000010246

XMM[0]=0x00000000feffffff 0x0000000000000000
XMM[1]=0xfeffffff44fa0000 0x000000003f800000
XMM[2]=0x44fa000044fa0000 0x0000000000000000
XMM[3]=0x44fa000000000000 0x3f800000feffffff
XMM[4]=0x3f8000003f800000 0xfeffffff00000000
XMM[5]=0x0000000000000000 0x0000000000000000
XMM[6]=0x0000000000000000 0x0000000000000000
XMM[7]=0x0000000000000000 0x0000000000000000
XMM[8]=0x0000000000000000 0x0000000000000000
XMM[9]=0x0000000000000000 0x0000000000000000
XMM[10]=0x0000000000000000 0x0000000000000000
XMM[11]=0x0000000000000000 0x0000000000000000
XMM[12]=0x0000000000000000 0x0000000000000000
XMM[13]=0x0000000000000000 0x0000000000000000
XMM[14]=0x0000000000000000 0x0000000000000000
XMM[15]=0x0000000000000000 0x0000000000000000
  MXCSR=0x00001fa0


Register to memory mapping:

RIP=0x00007ff88933b2a6 msvcrt.dll
RAX=0x0000023e54e05fd0 points into unknown readable memory: 0x0000000000000000 | 00 00 00 00 00 00 00 00
RBX=0x0000000713125d70 is pointing into object: [F 
{0x0000000713125d60} - klass: {type array float}
 - length: 20000
RCX=0x0000023e54e06020 is an unknown value
RDX=0xfffffdc8be31fda0 is an unknown value
RSP=0x0000009f59bfef48 is pointing into the stack for thread: 0x0000023e6f01f3b0
RBP=0x0000009f59bff040 is pointing into the stack for thread: 0x0000023e6f01f3b0
RSI=0x0000000000000014 is an unknown value
RDI=0x0 is NULL
R8 =0x0 is NULL
R9 =0x0 is NULL
R10=0x00007fff8ea16240 jvm.dll
R11=0x0000000713125dc0 is pointing into object: [F 
{0x0000000713125d60} - klass: {type array float}
 - length: 20000
R12=0x0000023e6f01f670 points into unknown readable memory: 0x0000023e54697500 | 00 75 69 54 3e 02 00 00
R13=0x0000023e54e05fd0 points into unknown readable memory: 0x0000000000000000 | 00 00 00 00 00 00 00 00
R14=0x0000009f59bff078 is pointing into the stack for thread: 0x0000023e6f01f3b0
R15=0x0000023e6f01f3b0 is a thread


Top of Stack: (sp=0x0000009f59bfef48)
0x0000009f59bfef48:   000000006e7020e6 0000023e556c3d38
0x0000009f59bfef58:   0000009f59bff040 0000000000000014
0x0000009f59bfef68:   00007fff8ca9924e 0000000000000000
0x0000009f59bfef78:   0000023e556c3d38 0000000000000960
0x0000009f59bfef88:   0000000000000960 0000000000000000
0x0000009f59bfef98:   0000023e556c3d38 0000009f59bff078
0x0000009f59bfefa8:   0000023e0745d6e1 0000009f59bfefb0
0x0000009f59bfefb8:   0000023e550e81ad 0000023e6f01f3b0
0x0000009f59bfefc8:   0000009f59bff0a8 0000023e00000014
0x0000009f59bfefd8:   0000000000000000 0000009f59bff0c8
0x0000009f59bfefe8:   0000023e001c9c34 0000000042000000
0x0000009f59bfeff8:   0000009f59bfeff8 0000000000000000
0x0000009f59bff008:   0000009f59bff078 0000023e556c4db0
0x0000009f59bff018:   0000000000000000 0000000713122b88
0x0000009f59bff028:   0000023e556c3d38 0000000000000000
0x0000009f59bff038:   0000009f59bff060 0000009f59bff0c8
0x0000009f59bff048:   0000023e07459520 0000000713122b88
0x0000009f59bff058:   0000023e0745aff8 0000000000000000
0x0000009f59bff068:   0000000000000014 0000000713122dd0
0x0000009f59bff078:   0000000713125d60 0000009f59bff080
0x0000009f59bff088:   0000023e556c118b 0000009f59bff0f0
0x0000009f59bff098:   0000023e556c4db0 0000000000000000
0x0000009f59bff0a8:   0000000713122b88 0000023e556c11d0
0x0000009f59bff0b8:   0000009f59bff060 0000009f59bff0d8
0x0000009f59bff0c8:   0000009f59bff140 0000023e07459520
0x0000009f59bff0d8:   0000000000000000 0000000000000014
0x0000009f59bff0e8:   0000000713122dd0 0000000713125d60
0x0000009f59bff0f8:   0000009f59bff0f8 0000023e556bf34f
0x0000009f59bff108:   0000009f59bff168 0000023e556c0000
0x0000009f59bff118:   0000000000000000 0000000713119128
0x0000009f59bff128:   0000023e556bf3a0 0000009f59bff0d8
0x0000009f59bff138:   0000009f59bff150 0000009f59bff1b8 

Instructions: (pc=0x00007ff88933b2a6)
0x00007ff88933b1a6:   0f 10 02 42 0f 10 4c 02 f0 0f 11 01 42 0f 11 4c
0x00007ff88933b1b6:   01 f0 c3 0f 1f 80 00 00 00 00 4d 85 c0 74 15 48
0x00007ff88933b1c6:   2b d1 72 16 44 8a 1c 11 48 ff c1 49 ff c8 44 88
0x00007ff88933b1d6:   59 ff 75 f0 c3 0f 1f 44 00 00 49 03 c8 44 8a 5c
0x00007ff88933b1e6:   11 ff 48 ff c9 49 ff c8 44 88 19 75 f0 c3 66 66
0x00007ff88933b1f6:   66 66 0f 1f 84 00 00 00 00 00 4e 8d 1c 02 48 2b
0x00007ff88933b206:   d1 73 09 4c 3b d9 0f 87 6e 01 00 00 0f 10 04 11
0x00007ff88933b216:   48 83 c1 10 f6 c1 0f 74 12 48 83 e1 f0 0f 10 0c
0x00007ff88933b226:   11 0f 11 00 0f 28 c1 48 83 c1 10 4c 03 c0 4c 2b
0x00007ff88933b236:   c1 4d 8b c8 49 c1 e9 06 74 6f 49 81 f9 00 10 00
0x00007ff88933b246:   00 0f 87 b3 00 00 00 49 83 e0 3f eb 2d 66 66 66
0x00007ff88933b256:   66 66 66 66 0f 1f 84 00 00 00 00 00 66 66 66 66
0x00007ff88933b266:   66 66 66 0f 1f 84 00 00 00 00 00 66 66 66 66 66
0x00007ff88933b276:   66 66 0f 1f 84 00 00 00 00 00 0f 10 0c 11 0f 10
0x00007ff88933b286:   54 11 10 0f 10 5c 11 20 0f 10 64 11 30 0f 29 41
0x00007ff88933b296:   f0 48 83 c1 40 49 ff c9 0f 29 49 c0 0f 29 51 d0
0x00007ff88933b2a6:   0f 29 59 e0 0f 28 c4 75 d1 4d 8b c8 49 c1 e9 04
0x00007ff88933b2b6:   74 19 0f 1f 84 00 00 00 00 00 0f 29 41 f0 0f 10
0x00007ff88933b2c6:   04 11 48 83 c1 10 49 ff c9 75 ef 49 83 e0 0f 74
0x00007ff88933b2d6:   0e 4e 8d 5c 01 f0 41 0f 10 0c 13 41 0f 11 0b 0f
0x00007ff88933b2e6:   29 41 f0 c3 66 66 66 66 66 66 66 0f 1f 84 00 00
0x00007ff88933b2f6:   00 00 00 0f 1f 80 00 00 00 00 4d 8b c8 49 c1 e9
0x00007ff88933b306:   06 49 83 e0 3f 0f 18 44 11 40 eb 2e 66 66 66 66
0x00007ff88933b316:   66 66 66 0f 1f 84 00 00 00 00 00 66 66 66 66 66
0x00007ff88933b326:   66 66 0f 1f 84 00 00 00 00 00 66 66 66 66 66 66
0x00007ff88933b336:   66 0f 1f 84 00 00 00 00 00 90 0f 10 0c 11 0f 10
0x00007ff88933b346:   54 11 10 0f 10 5c 11 20 0f 10 64 11 30 0f 2b 41
0x00007ff88933b356:   f0 48 83 c1 40 0f 18 44 11 40 49 ff c9 0f 2b 49
0x00007ff88933b366:   c0 0f 2b 51 d0 0f 2b 59 e0 0f 28 c4 75 cc 0f ae
0x00007ff88933b376:   f8 e9 33 ff ff ff 0f 1f 40 00 49 03 c8 0f 10 44
0x00007ff88933b386:   11 f0 48 83 e9 10 49 83 e8 10 f6 c1 0f 74 18 4c
0x00007ff88933b396:   8b d9 48 83 e1 f0 0f 10 0c 11 41 0f 11 03 0f 28 


Stack slot to memory mapping:
stack at sp + 0 slots: 0x000000006e7020e6 gdx64.dll
stack at sp + 1 slots: {method} {0x0000023e556c3d40} 'copyJni' '([FLjava/nio/Buffer;II)V' in 'com/badlogic/gdx/utils/BufferUtils'
stack at sp + 2 slots: 0x0000009f59bff040 is pointing into the stack for thread: 0x0000023e6f01f3b0
stack at sp + 3 slots: 0x0000000000000014 is an unknown value
stack at sp + 4 slots: 0x00007fff8ca9924e igxelpicd64.dll
stack at sp + 5 slots: 0x0 is NULL
stack at sp + 6 slots: {method} {0x0000023e556c3d40} 'copyJni' '([FLjava/nio/Buffer;II)V' in 'com/badlogic/gdx/utils/BufferUtils'
stack at sp + 7 slots: 2400 is a compressed pointer to class: 0x0000023e13000960


---------------  P R O C E S S  ---------------

Threads class SMR info:
_java_thread_list=0x0000023e5a84d020, length=16, elements={
0x0000023e6f01f3b0, 0x0000023e54019c30, 0x0000023e5401a700, 0x0000023e5402d800,
0x0000023e540320f0, 0x0000023e540329c0, 0x0000023e54033290, 0x0000023e54035f50,
0x0000023e54036f20, 0x0000023e54037830, 0x0000023e7f7494e0, 0x0000023e543fe060,
0x0000023e543fe540, 0x0000023e5a229680, 0x0000023e5a9b78a0, 0x0000023e5a9b6940
}

Java Threads: ( => current thread )
=>0x0000023e6f01f3b0 JavaThread "main" [_thread_in_native, id=25308, stack(0x0000009f59b00000,0x0000009f59c00000)]
  0x0000023e54019c30 JavaThread "Reference Handler" daemon [_thread_blocked, id=22180, stack(0x0000009f5a200000,0x0000009f5a300000)]
  0x0000023e5401a700 JavaThread "Finalizer" daemon [_thread_blocked, id=25496, stack(0x0000009f5a300000,0x0000009f5a400000)]
  0x0000023e5402d800 JavaThread "Signal Dispatcher" daemon [_thread_blocked, id=25508, stack(0x0000009f5a400000,0x0000009f5a500000)]
  0x0000023e540320f0 JavaThread "Attach Listener" daemon [_thread_blocked, id=25216, stack(0x0000009f5a500000,0x0000009f5a600000)]
  0x0000023e540329c0 JavaThread "Service Thread" daemon [_thread_blocked, id=23944, stack(0x0000009f5a600000,0x0000009f5a700000)]
  0x0000023e54033290 JavaThread "Monitor Deflation Thread" daemon [_thread_blocked, id=23468, stack(0x0000009f5a700000,0x0000009f5a800000)]
  0x0000023e54035f50 JavaThread "C2 CompilerThread0" daemon [_thread_blocked, id=26784, stack(0x0000009f5a800000,0x0000009f5a900000)]
  0x0000023e54036f20 JavaThread "C1 CompilerThread0" daemon [_thread_blocked, id=27160, stack(0x0000009f5a900000,0x0000009f5aa00000)]
  0x0000023e54037830 JavaThread "Sweeper thread" daemon [_thread_blocked, id=23892, stack(0x0000009f5aa00000,0x0000009f5ab00000)]
  0x0000023e7f7494e0 JavaThread "Common-Cleaner" daemon [_thread_blocked, id=10084, stack(0x0000009f5ac00000,0x0000009f5ad00000)]
  0x0000023e543fe060 JavaThread "Monitor Ctrl-Break" daemon [_thread_in_native, id=456, stack(0x0000009f5b100000,0x0000009f5b200000)]
  0x0000023e543fe540 JavaThread "Notification Thread" daemon [_thread_blocked, id=19320, stack(0x0000009f5b200000,0x0000009f5b300000)]
  0x0000023e5a229680 JavaThread "Thread-0" daemon [_thread_blocked, id=8752, stack(0x0000009f5ab00000,0x0000009f5ac00000)]
  0x0000023e5a9b78a0 JavaThread "C1 CompilerThread1" daemon [_thread_blocked, id=8224, stack(0x0000009f5b000000,0x0000009f5b100000)]
  0x0000023e5a9b6940 JavaThread "LWJGL3 Timer" daemon [_thread_blocked, id=26148, stack(0x0000009f5bc00000,0x0000009f5bd00000)]

Other Threads:
  0x0000023e5400d7c0 VMThread "VM Thread" [stack: 0x0000009f5a100000,0x0000009f5a200000] [id=25500]
  0x0000023e543fb260 WatcherThread [stack: 0x0000009f5b300000,0x0000009f5b400000] [id=23708]
  0x0000023e6f08e400 GCTaskThread "GC Thread#0" [stack: 0x0000009f59c00000,0x0000009f59d00000] [id=21752]
  0x0000023e6f09ee30 ConcurrentGCThread "G1 Main Marker" [stack: 0x0000009f59d00000,0x0000009f59e00000] [id=25504]
  0x0000023e6f0a1440 ConcurrentGCThread "G1 Conc#0" [stack: 0x0000009f59e00000,0x0000009f59f00000] [id=2924]
  0x0000023e7f60f410 ConcurrentGCThread "G1 Refine#0" [stack: 0x0000009f59f00000,0x0000009f5a000000] [id=10524]
  0x0000023e7f60fd60 ConcurrentGCThread "G1 Service" [stack: 0x0000009f5a000000,0x0000009f5a100000] [id=23596]

Threads with active compile tasks:

VM state: not at safepoint (normal execution)

VM Mutex/Monitor currently owned by a thread: None

Heap address: 0x0000000704400000, size: 4028 MB, Compressed Oops mode: Zero based, Oop shift amount: 3

CDS archive(s) mapped at: [0x0000023e13000000-0x0000023e13bb0000-0x0000023e13bb0000), size 12255232, SharedBaseAddress: 0x0000023e13000000, ArchiveRelocationMode: 1.
Compressed class space mapped at: 0x0000023e14000000-0x0000023e54000000, reserved size: 1073741824
Narrow klass base: 0x0000023e13000000, Narrow klass shift: 0, Narrow klass range: 0x100000000

GC Precious Log:
 CPUs: 16 total, 16 available
 Memory: 16104M
 Large Page Support: Disabled
 NUMA Support: Disabled
 Compressed Oops: Enabled (Zero based)
 Heap Region Size: 2M
 Heap Min Capacity: 8M
 Heap Initial Capacity: 252M
 Heap Max Capacity: 4028M
 Pre-touch: Disabled
 Parallel Workers: 13
 Concurrent Workers: 3
 Concurrent Refinement Workers: 13
 Periodic GC: Disabled

Heap:
 garbage-first heap   total 258048K, used 16384K [0x0000000704400000, 0x0000000800000000)
  region size 2048K, 9 young (18432K), 0 survivors (0K)
 Metaspace       used 5992K, committed 6080K, reserved 1114112K
  class space    used 423K, committed 448K, reserved 1048576K

Heap Regions: E=young(eden), S=young(survivor), O=old, HS=humongous(starts), HC=humongous(continues), CS=collection set, F=free, OA=open archive, CA=closed archive, TAMS=top-at-mark-start (previous, next)
|   0|0x0000000704400000, 0x0000000704400000, 0x0000000704600000|  0%| F|  |TAMS 0x0000000704400000, 0x0000000704400000| Untracked 
|   1|0x0000000704600000, 0x0000000704600000, 0x0000000704800000|  0%| F|  |TAMS 0x0000000704600000, 0x0000000704600000| Untracked 
|   2|0x0000000704800000, 0x0000000704800000, 0x0000000704a00000|  0%| F|  |TAMS 0x0000000704800000, 0x0000000704800000| Untracked 
|   3|0x0000000704a00000, 0x0000000704a00000, 0x0000000704c00000|  0%| F|  |TAMS 0x0000000704a00000, 0x0000000704a00000| Untracked 
|   4|0x0000000704c00000, 0x0000000704c00000, 0x0000000704e00000|  0%| F|  |TAMS 0x0000000704c00000, 0x0000000704c00000| Untracked 
|   5|0x0000000704e00000, 0x0000000704e00000, 0x0000000705000000|  0%| F|  |TAMS 0x0000000704e00000, 0x0000000704e00000| Untracked 
|   6|0x0000000705000000, 0x0000000705000000, 0x0000000705200000|  0%| F|  |TAMS 0x0000000705000000, 0x0000000705000000| Untracked 
|   7|0x0000000705200000, 0x0000000705200000, 0x0000000705400000|  0%| F|  |TAMS 0x0000000705200000, 0x0000000705200000| Untracked 
|   8|0x0000000705400000, 0x0000000705400000, 0x0000000705600000|  0%| F|  |TAMS 0x0000000705400000, 0x0000000705400000| Untracked 
|   9|0x0000000705600000, 0x0000000705600000, 0x0000000705800000|  0%| F|  |TAMS 0x0000000705600000, 0x0000000705600000| Untracked 
|  10|0x0000000705800000, 0x0000000705800000, 0x0000000705a00000|  0%| F|  |TAMS 0x0000000705800000, 0x0000000705800000| Untracked 
|  11|0x0000000705a00000, 0x0000000705a00000, 0x0000000705c00000|  0%| F|  |TAMS 0x0000000705a00000, 0x0000000705a00000| Untracked 
|  12|0x0000000705c00000, 0x0000000705c00000, 0x0000000705e00000|  0%| F|  |TAMS 0x0000000705c00000, 0x0000000705c00000| Untracked 
|  13|0x0000000705e00000, 0x0000000705e00000, 0x0000000706000000|  0%| F|  |TAMS 0x0000000705e00000, 0x0000000705e00000| Untracked 
|  14|0x0000000706000000, 0x0000000706000000, 0x0000000706200000|  0%| F|  |TAMS 0x0000000706000000, 0x0000000706000000| Untracked 
|  15|0x0000000706200000, 0x0000000706200000, 0x0000000706400000|  0%| F|  |TAMS 0x0000000706200000, 0x0000000706200000| Untracked 
|  16|0x0000000706400000, 0x0000000706400000, 0x0000000706600000|  0%| F|  |TAMS 0x0000000706400000, 0x0000000706400000| Untracked 
|  17|0x0000000706600000, 0x0000000706600000, 0x0000000706800000|  0%| F|  |TAMS 0x0000000706600000, 0x0000000706600000| Untracked 
|  18|0x0000000706800000, 0x0000000706800000, 0x0000000706a00000|  0%| F|  |TAMS 0x0000000706800000, 0x0000000706800000| Untracked 
|  19|0x0000000706a00000, 0x0000000706a00000, 0x0000000706c00000|  0%| F|  |TAMS 0x0000000706a00000, 0x0000000706a00000| Untracked 
|  20|0x0000000706c00000, 0x0000000706c00000, 0x0000000706e00000|  0%| F|  |TAMS 0x0000000706c00000, 0x0000000706c00000| Untracked 
|  21|0x0000000706e00000, 0x0000000706e00000, 0x0000000707000000|  0%| F|  |TAMS 0x0000000706e00000, 0x0000000706e00000| Untracked 
|  22|0x0000000707000000, 0x0000000707000000, 0x0000000707200000|  0%| F|  |TAMS 0x0000000707000000, 0x0000000707000000| Untracked 
|  23|0x0000000707200000, 0x0000000707200000, 0x0000000707400000|  0%| F|  |TAMS 0x0000000707200000, 0x0000000707200000| Untracked 
|  24|0x0000000707400000, 0x0000000707400000, 0x0000000707600000|  0%| F|  |TAMS 0x0000000707400000, 0x0000000707400000| Untracked 
|  25|0x0000000707600000, 0x0000000707600000, 0x0000000707800000|  0%| F|  |TAMS 0x0000000707600000, 0x0000000707600000| Untracked 
|  26|0x0000000707800000, 0x0000000707800000, 0x0000000707a00000|  0%| F|  |TAMS 0x0000000707800000, 0x0000000707800000| Untracked 
|  27|0x0000000707a00000, 0x0000000707a00000, 0x0000000707c00000|  0%| F|  |TAMS 0x0000000707a00000, 0x0000000707a00000| Untracked 
|  28|0x0000000707c00000, 0x0000000707c00000, 0x0000000707e00000|  0%| F|  |TAMS 0x0000000707c00000, 0x0000000707c00000| Untracked 
|  29|0x0000000707e00000, 0x0000000707e00000, 0x0000000708000000|  0%| F|  |TAMS 0x0000000707e00000, 0x0000000707e00000| Untracked 
|  30|0x0000000708000000, 0x0000000708000000, 0x0000000708200000|  0%| F|  |TAMS 0x0000000708000000, 0x0000000708000000| Untracked 
|  31|0x0000000708200000, 0x0000000708200000, 0x0000000708400000|  0%| F|  |TAMS 0x0000000708200000, 0x0000000708200000| Untracked 
|  32|0x0000000708400000, 0x0000000708400000, 0x0000000708600000|  0%| F|  |TAMS 0x0000000708400000, 0x0000000708400000| Untracked 
|  33|0x0000000708600000, 0x0000000708600000, 0x0000000708800000|  0%| F|  |TAMS 0x0000000708600000, 0x0000000708600000| Untracked 
|  34|0x0000000708800000, 0x0000000708800000, 0x0000000708a00000|  0%| F|  |TAMS 0x0000000708800000, 0x0000000708800000| Untracked 
|  35|0x0000000708a00000, 0x0000000708a00000, 0x0000000708c00000|  0%| F|  |TAMS 0x0000000708a00000, 0x0000000708a00000| Untracked 
|  36|0x0000000708c00000, 0x0000000708c00000, 0x0000000708e00000|  0%| F|  |TAMS 0x0000000708c00000, 0x0000000708c00000| Untracked 
|  37|0x0000000708e00000, 0x0000000708e00000, 0x0000000709000000|  0%| F|  |TAMS 0x0000000708e00000, 0x0000000708e00000| Untracked 
|  38|0x0000000709000000, 0x0000000709000000, 0x0000000709200000|  0%| F|  |TAMS 0x0000000709000000, 0x0000000709000000| Untracked 
|  39|0x0000000709200000, 0x0000000709200000, 0x0000000709400000|  0%| F|  |TAMS 0x0000000709200000, 0x0000000709200000| Untracked 
|  40|0x0000000709400000, 0x0000000709400000, 0x0000000709600000|  0%| F|  |TAMS 0x0000000709400000, 0x0000000709400000| Untracked 
|  41|0x0000000709600000, 0x0000000709600000, 0x0000000709800000|  0%| F|  |TAMS 0x0000000709600000, 0x0000000709600000| Untracked 
|  42|0x0000000709800000, 0x0000000709800000, 0x0000000709a00000|  0%| F|  |TAMS 0x0000000709800000, 0x0000000709800000| Untracked 
|  43|0x0000000709a00000, 0x0000000709a00000, 0x0000000709c00000|  0%| F|  |TAMS 0x0000000709a00000, 0x0000000709a00000| Untracked 
|  44|0x0000000709c00000, 0x0000000709c00000, 0x0000000709e00000|  0%| F|  |TAMS 0x0000000709c00000, 0x0000000709c00000| Untracked 
|  45|0x0000000709e00000, 0x0000000709e00000, 0x000000070a000000|  0%| F|  |TAMS 0x0000000709e00000, 0x0000000709e00000| Untracked 
|  46|0x000000070a000000, 0x000000070a000000, 0x000000070a200000|  0%| F|  |TAMS 0x000000070a000000, 0x000000070a000000| Untracked 
|  47|0x000000070a200000, 0x000000070a200000, 0x000000070a400000|  0%| F|  |TAMS 0x000000070a200000, 0x000000070a200000| Untracked 
|  48|0x000000070a400000, 0x000000070a400000, 0x000000070a600000|  0%| F|  |TAMS 0x000000070a400000, 0x000000070a400000| Untracked 
|  49|0x000000070a600000, 0x000000070a600000, 0x000000070a800000|  0%| F|  |TAMS 0x000000070a600000, 0x000000070a600000| Untracked 
|  50|0x000000070a800000, 0x000000070a800000, 0x000000070aa00000|  0%| F|  |TAMS 0x000000070a800000, 0x000000070a800000| Untracked 
|  51|0x000000070aa00000, 0x000000070aa00000, 0x000000070ac00000|  0%| F|  |TAMS 0x000000070aa00000, 0x000000070aa00000| Untracked 
|  52|0x000000070ac00000, 0x000000070ac00000, 0x000000070ae00000|  0%| F|  |TAMS 0x000000070ac00000, 0x000000070ac00000| Untracked 
|  53|0x000000070ae00000, 0x000000070ae00000, 0x000000070b000000|  0%| F|  |TAMS 0x000000070ae00000, 0x000000070ae00000| Untracked 
|  54|0x000000070b000000, 0x000000070b000000, 0x000000070b200000|  0%| F|  |TAMS 0x000000070b000000, 0x000000070b000000| Untracked 
|  55|0x000000070b200000, 0x000000070b200000, 0x000000070b400000|  0%| F|  |TAMS 0x000000070b200000, 0x000000070b200000| Untracked 
|  56|0x000000070b400000, 0x000000070b400000, 0x000000070b600000|  0%| F|  |TAMS 0x000000070b400000, 0x000000070b400000| Untracked 
|  57|0x000000070b600000, 0x000000070b600000, 0x000000070b800000|  0%| F|  |TAMS 0x000000070b600000, 0x000000070b600000| Untracked 
|  58|0x000000070b800000, 0x000000070b800000, 0x000000070ba00000|  0%| F|  |TAMS 0x000000070b800000, 0x000000070b800000| Untracked 
|  59|0x000000070ba00000, 0x000000070ba00000, 0x000000070bc00000|  0%| F|  |TAMS 0x000000070ba00000, 0x000000070ba00000| Untracked 
|  60|0x000000070bc00000, 0x000000070bc00000, 0x000000070be00000|  0%| F|  |TAMS 0x000000070bc00000, 0x000000070bc00000| Untracked 
|  61|0x000000070be00000, 0x000000070be00000, 0x000000070c000000|  0%| F|  |TAMS 0x000000070be00000, 0x000000070be00000| Untracked 
|  62|0x000000070c000000, 0x000000070c000000, 0x000000070c200000|  0%| F|  |TAMS 0x000000070c000000, 0x000000070c000000| Untracked 
|  63|0x000000070c200000, 0x000000070c200000, 0x000000070c400000|  0%| F|  |TAMS 0x000000070c200000, 0x000000070c200000| Untracked 
|  64|0x000000070c400000, 0x000000070c400000, 0x000000070c600000|  0%| F|  |TAMS 0x000000070c400000, 0x000000070c400000| Untracked 
|  65|0x000000070c600000, 0x000000070c600000, 0x000000070c800000|  0%| F|  |TAMS 0x000000070c600000, 0x000000070c600000| Untracked 
|  66|0x000000070c800000, 0x000000070c800000, 0x000000070ca00000|  0%| F|  |TAMS 0x000000070c800000, 0x000000070c800000| Untracked 
|  67|0x000000070ca00000, 0x000000070ca00000, 0x000000070cc00000|  0%| F|  |TAMS 0x000000070ca00000, 0x000000070ca00000| Untracked 
|  68|0x000000070cc00000, 0x000000070cc00000, 0x000000070ce00000|  0%| F|  |TAMS 0x000000070cc00000, 0x000000070cc00000| Untracked 
|  69|0x000000070ce00000, 0x000000070ce00000, 0x000000070d000000|  0%| F|  |TAMS 0x000000070ce00000, 0x000000070ce00000| Untracked 
|  70|0x000000070d000000, 0x000000070d000000, 0x000000070d200000|  0%| F|  |TAMS 0x000000070d000000, 0x000000070d000000| Untracked 
|  71|0x000000070d200000, 0x000000070d200000, 0x000000070d400000|  0%| F|  |TAMS 0x000000070d200000, 0x000000070d200000| Untracked 
|  72|0x000000070d400000, 0x000000070d400000, 0x000000070d600000|  0%| F|  |TAMS 0x000000070d400000, 0x000000070d400000| Untracked 
|  73|0x000000070d600000, 0x000000070d600000, 0x000000070d800000|  0%| F|  |TAMS 0x000000070d600000, 0x000000070d600000| Untracked 
|  74|0x000000070d800000, 0x000000070d800000, 0x000000070da00000|  0%| F|  |TAMS 0x000000070d800000, 0x000000070d800000| Untracked 
|  75|0x000000070da00000, 0x000000070da00000, 0x000000070dc00000|  0%| F|  |TAMS 0x000000070da00000, 0x000000070da00000| Untracked 
|  76|0x000000070dc00000, 0x000000070dc00000, 0x000000070de00000|  0%| F|  |TAMS 0x000000070dc00000, 0x000000070dc00000| Untracked 
|  77|0x000000070de00000, 0x000000070de00000, 0x000000070e000000|  0%| F|  |TAMS 0x000000070de00000, 0x000000070de00000| Untracked 
|  78|0x000000070e000000, 0x000000070e000000, 0x000000070e200000|  0%| F|  |TAMS 0x000000070e000000, 0x000000070e000000| Untracked 
|  79|0x000000070e200000, 0x000000070e200000, 0x000000070e400000|  0%| F|  |TAMS 0x000000070e200000, 0x000000070e200000| Untracked 
|  80|0x000000070e400000, 0x000000070e400000, 0x000000070e600000|  0%| F|  |TAMS 0x000000070e400000, 0x000000070e400000| Untracked 
|  81|0x000000070e600000, 0x000000070e600000, 0x000000070e800000|  0%| F|  |TAMS 0x000000070e600000, 0x000000070e600000| Untracked 
|  82|0x000000070e800000, 0x000000070e800000, 0x000000070ea00000|  0%| F|  |TAMS 0x000000070e800000, 0x000000070e800000| Untracked 
|  83|0x000000070ea00000, 0x000000070ea00000, 0x000000070ec00000|  0%| F|  |TAMS 0x000000070ea00000, 0x000000070ea00000| Untracked 
|  84|0x000000070ec00000, 0x000000070ec00000, 0x000000070ee00000|  0%| F|  |TAMS 0x000000070ec00000, 0x000000070ec00000| Untracked 
|  85|0x000000070ee00000, 0x000000070ee00000, 0x000000070f000000|  0%| F|  |TAMS 0x000000070ee00000, 0x000000070ee00000| Untracked 
|  86|0x000000070f000000, 0x000000070f000000, 0x000000070f200000|  0%| F|  |TAMS 0x000000070f000000, 0x000000070f000000| Untracked 
|  87|0x000000070f200000, 0x000000070f200000, 0x000000070f400000|  0%| F|  |TAMS 0x000000070f200000, 0x000000070f200000| Untracked 
|  88|0x000000070f400000, 0x000000070f400000, 0x000000070f600000|  0%| F|  |TAMS 0x000000070f400000, 0x000000070f400000| Untracked 
|  89|0x000000070f600000, 0x000000070f600000, 0x000000070f800000|  0%| F|  |TAMS 0x000000070f600000, 0x000000070f600000| Untracked 
|  90|0x000000070f800000, 0x000000070f800000, 0x000000070fa00000|  0%| F|  |TAMS 0x000000070f800000, 0x000000070f800000| Untracked 
|  91|0x000000070fa00000, 0x000000070fa00000, 0x000000070fc00000|  0%| F|  |TAMS 0x000000070fa00000, 0x000000070fa00000| Untracked 
|  92|0x000000070fc00000, 0x000000070fc00000, 0x000000070fe00000|  0%| F|  |TAMS 0x000000070fc00000, 0x000000070fc00000| Untracked 
|  93|0x000000070fe00000, 0x000000070fe00000, 0x0000000710000000|  0%| F|  |TAMS 0x000000070fe00000, 0x000000070fe00000| Untracked 
|  94|0x0000000710000000, 0x0000000710000000, 0x0000000710200000|  0%| F|  |TAMS 0x0000000710000000, 0x0000000710000000| Untracked 
|  95|0x0000000710200000, 0x0000000710200000, 0x0000000710400000|  0%| F|  |TAMS 0x0000000710200000, 0x0000000710200000| Untracked 
|  96|0x0000000710400000, 0x0000000710400000, 0x0000000710600000|  0%| F|  |TAMS 0x0000000710400000, 0x0000000710400000| Untracked 
|  97|0x0000000710600000, 0x0000000710600000, 0x0000000710800000|  0%| F|  |TAMS 0x0000000710600000, 0x0000000710600000| Untracked 
|  98|0x0000000710800000, 0x0000000710800000, 0x0000000710a00000|  0%| F|  |TAMS 0x0000000710800000, 0x0000000710800000| Untracked 
|  99|0x0000000710a00000, 0x0000000710a00000, 0x0000000710c00000|  0%| F|  |TAMS 0x0000000710a00000, 0x0000000710a00000| Untracked 
| 100|0x0000000710c00000, 0x0000000710c00000, 0x0000000710e00000|  0%| F|  |TAMS 0x0000000710c00000, 0x0000000710c00000| Untracked 
| 101|0x0000000710e00000, 0x0000000710e00000, 0x0000000711000000|  0%| F|  |TAMS 0x0000000710e00000, 0x0000000710e00000| Untracked 
| 102|0x0000000711000000, 0x0000000711000000, 0x0000000711200000|  0%| F|  |TAMS 0x0000000711000000, 0x0000000711000000| Untracked 
| 103|0x0000000711200000, 0x0000000711200000, 0x0000000711400000|  0%| F|  |TAMS 0x0000000711200000, 0x0000000711200000| Untracked 
| 104|0x0000000711400000, 0x0000000711400000, 0x0000000711600000|  0%| F|  |TAMS 0x0000000711400000, 0x0000000711400000| Untracked 
| 105|0x0000000711600000, 0x0000000711600000, 0x0000000711800000|  0%| F|  |TAMS 0x0000000711600000, 0x0000000711600000| Untracked 
| 106|0x0000000711800000, 0x0000000711800000, 0x0000000711a00000|  0%| F|  |TAMS 0x0000000711800000, 0x0000000711800000| Untracked 
| 107|0x0000000711a00000, 0x0000000711a00000, 0x0000000711c00000|  0%| F|  |TAMS 0x0000000711a00000, 0x0000000711a00000| Untracked 
| 108|0x0000000711c00000, 0x0000000711c00000, 0x0000000711e00000|  0%| F|  |TAMS 0x0000000711c00000, 0x0000000711c00000| Untracked 
| 109|0x0000000711e00000, 0x0000000711e00000, 0x0000000712000000|  0%| F|  |TAMS 0x0000000711e00000, 0x0000000711e00000| Untracked 
| 110|0x0000000712000000, 0x0000000712000000, 0x0000000712200000|  0%| F|  |TAMS 0x0000000712000000, 0x0000000712000000| Untracked 
| 111|0x0000000712200000, 0x0000000712200000, 0x0000000712400000|  0%| F|  |TAMS 0x0000000712200000, 0x0000000712200000| Untracked 
| 112|0x0000000712400000, 0x0000000712400000, 0x0000000712600000|  0%| F|  |TAMS 0x0000000712400000, 0x0000000712400000| Untracked 
| 113|0x0000000712600000, 0x0000000712600000, 0x0000000712800000|  0%| F|  |TAMS 0x0000000712600000, 0x0000000712600000| Untracked 
| 114|0x0000000712800000, 0x0000000712800000, 0x0000000712a00000|  0%| F|  |TAMS 0x0000000712800000, 0x0000000712800000| Untracked 
| 115|0x0000000712a00000, 0x0000000712a00000, 0x0000000712c00000|  0%| F|  |TAMS 0x0000000712a00000, 0x0000000712a00000| Untracked 
| 116|0x0000000712c00000, 0x0000000712c00000, 0x0000000712e00000|  0%| F|  |TAMS 0x0000000712c00000, 0x0000000712c00000| Untracked 
| 117|0x0000000712e00000, 0x0000000712fc2990, 0x0000000713000000| 88%| E|  |TAMS 0x0000000712e00000, 0x0000000712e00000| Complete 
| 118|0x0000000713000000, 0x0000000713200000, 0x0000000713200000|100%| E|CS|TAMS 0x0000000713000000, 0x0000000713000000| Complete 
| 119|0x0000000713200000, 0x0000000713400000, 0x0000000713400000|100%| E|CS|TAMS 0x0000000713200000, 0x0000000713200000| Complete 
| 120|0x0000000713400000, 0x0000000713600000, 0x0000000713600000|100%| E|CS|TAMS 0x0000000713400000, 0x0000000713400000| Complete 
| 121|0x0000000713600000, 0x0000000713800000, 0x0000000713800000|100%| E|CS|TAMS 0x0000000713600000, 0x0000000713600000| Complete 
| 122|0x0000000713800000, 0x0000000713a00000, 0x0000000713a00000|100%| E|CS|TAMS 0x0000000713800000, 0x0000000713800000| Complete 
| 123|0x0000000713a00000, 0x0000000713c00000, 0x0000000713c00000|100%| E|CS|TAMS 0x0000000713a00000, 0x0000000713a00000| Complete 
| 124|0x0000000713c00000, 0x0000000713e00000, 0x0000000713e00000|100%| E|CS|TAMS 0x0000000713c00000, 0x0000000713c00000| Complete 
| 125|0x0000000713e00000, 0x0000000714000000, 0x0000000714000000|100%| E|CS|TAMS 0x0000000713e00000, 0x0000000713e00000| Complete 

Card table byte_map: [0x0000023e77bf0000,0x0000023e783d0000] _byte_map_base: 0x0000023e743ce000

Marking Bits (Prev, Next): (CMBitMap*) 0x0000023e6f08e940, (CMBitMap*) 0x0000023e6f08e980
 Prev Bits: [0x0000023e78bb0000, 0x0000023e7caa0000)
 Next Bits: [0x0000023e0f000000, 0x0000023e12ef0000)

Polling page: 0x0000023e6cdd0000

Metaspace:

Usage:
  Non-class:      5.44 MB used.
      Class:    423.40 KB used.
       Both:      5.85 MB used.

Virtual space:
  Non-class space:       64.00 MB reserved,       5.50 MB (  9%) committed,  1 nodes.
      Class space:        1.00 GB reserved,     448.00 KB ( <1%) committed,  1 nodes.
             Both:        1.06 GB reserved,       5.94 MB ( <1%) committed. 

Chunk freelists:
   Non-Class:  8.64 MB
       Class:  15.50 MB
        Both:  24.14 MB

MaxMetaspaceSize: unlimited
CompressedClassSpaceSize: 1.00 GB
Initial GC threshold: 21.00 MB
Current GC threshold: 21.00 MB
CDS: on
MetaspaceReclaimPolicy: balanced
 - commit_granule_bytes: 65536.
 - commit_granule_words: 8192.
 - virtual_space_node_default_size: 8388608.
 - enlarge_chunks_in_place: 1.
 - new_chunks_are_fully_committed: 0.
 - uncommit_free_chunks: 1.
 - use_allocation_guard: 0.
 - handle_deallocations: 1.


Internal statistics:

num_allocs_failed_limit: 0.
num_arena_births: 64.
num_arena_deaths: 0.
num_vsnodes_births: 2.
num_vsnodes_deaths: 0.
num_space_committed: 93.
num_space_uncommitted: 0.
num_chunks_returned_to_freelist: 0.
num_chunks_taken_from_freelist: 212.
num_chunk_merges: 0.
num_chunk_splits: 151.
num_chunks_enlarged: 116.
num_inconsistent_stats: 0.

CodeHeap 'non-profiled nmethods': size=119168Kb used=322Kb max_used=322Kb free=118845Kb
 bounds [0x0000023e07ba0000, 0x0000023e07e10000, 0x0000023e0f000000]
CodeHeap 'profiled nmethods': size=119104Kb used=1838Kb max_used=1838Kb free=117265Kb
 bounds [0x0000023e00000000, 0x0000023e00270000, 0x0000023e07450000]
CodeHeap 'non-nmethods': size=7488Kb used=2205Kb max_used=3280Kb free=5282Kb
 bounds [0x0000023e07450000, 0x0000023e07790000, 0x0000023e07ba0000]
 total_blobs=2163 nmethods=1075 adapters=1000
 compilation: enabled
              stopped_count=0, restarted_count=0
 full_count=0

Compilation events (20 events):
Event: 1.959 Thread 0x0000023e54035f50 1068       4       java.nio.Buffer::position (52 bytes)
Event: 1.960 Thread 0x0000023e5a9b78a0 nmethod 1066 0x0000023e001c7d90 code [0x0000023e001c7f60, 0x0000023e001c8308]
Event: 1.960 Thread 0x0000023e54036f20 nmethod 1067 0x0000023e001c8490 code [0x0000023e001c8740, 0x0000023e001c9188]
Event: 1.960 Thread 0x0000023e54035f50 nmethod 1068 0x0000023e07beee90 code [0x0000023e07bef020, 0x0000023e07bef0f8]
Event: 1.975 Thread 0x0000023e54035f50 1069   !   4       com.badlogic.gdx.backends.lwjgl3.Sync::sync (145 bytes)
Event: 1.998 Thread 0x0000023e54035f50 nmethod 1069 0x0000023e07bef210 code [0x0000023e07bef4c0, 0x0000023e07bf0070]
Event: 2.009 Thread 0x0000023e54036f20 1070       3       com.badlogic.gdx.math.Vector3::scl (23 bytes)
Event: 2.009 Thread 0x0000023e54036f20 nmethod 1070 0x0000023e001c9590 code [0x0000023e001c9740, 0x0000023e001c98d8]
Event: 2.026 Thread 0x0000023e54036f20 1071       3       java.nio.MappedByteBuffer::limit (6 bytes)
Event: 2.026 Thread 0x0000023e5a9b78a0 1072       3       java.nio.MappedByteBuffer::position (6 bytes)
Event: 2.026 Thread 0x0000023e54036f20 nmethod 1071 0x0000023e001c9990 code [0x0000023e001c9b40, 0x0000023e001c9d48]
Event: 2.026 Thread 0x0000023e5a9b78a0 nmethod 1072 0x0000023e001c9e90 code [0x0000023e001ca040, 0x0000023e001ca248]
Event: 2.043 Thread 0x0000023e5a9b78a0 1073       3       org.lwjgl.system.MemoryUtil::memAddress (13 bytes)
Event: 2.043 Thread 0x0000023e5a9b78a0 nmethod 1073 0x0000023e001ca390 code [0x0000023e001ca540, 0x0000023e001ca768]
Event: 2.043 Thread 0x0000023e5a9b78a0 1074       3       com.badlogic.gdx.utils.Array$ArrayIterator::hasNext (37 bytes)
Event: 2.043 Thread 0x0000023e5a9b78a0 nmethod 1074 0x0000023e001ca890 code [0x0000023e001caa40, 0x0000023e001cacc8]
Event: 2.059 Thread 0x0000023e5a9b78a0 1075       3       com.badlogic.gdx.utils.Array::clear (19 bytes)
Event: 2.059 Thread 0x0000023e5a9b78a0 nmethod 1075 0x0000023e001cae10 code [0x0000023e001cafe0, 0x0000023e001cb428]
Event: 2.126 Thread 0x0000023e54036f20 1076       3       java.util.concurrent.ConcurrentHashMap::sumCount (60 bytes)
Event: 2.126 Thread 0x0000023e54036f20 nmethod 1076 0x0000023e001cb590 code [0x0000023e001cb740, 0x0000023e001cb998]

GC Heap History (0 events):
No events

Dll operation events (12 events):
Event: 0.009 Loaded shared library C:\Users\guiat\.jdks\ms-17.0.17\bin\java.dll
Event: 0.024 Loaded shared library C:\Users\guiat\.jdks\ms-17.0.17\bin\jsvml.dll
Event: 0.103 Loaded shared library C:\Users\guiat\.jdks\ms-17.0.17\bin\zip.dll
Event: 0.105 Loaded shared library C:\Users\guiat\.jdks\ms-17.0.17\bin\instrument.dll
Event: 0.110 Loaded shared library C:\Users\guiat\.jdks\ms-17.0.17\bin\net.dll
Event: 0.112 Loaded shared library C:\Users\guiat\.jdks\ms-17.0.17\bin\nio.dll
Event: 0.115 Loaded shared library C:\Users\guiat\.jdks\ms-17.0.17\bin\zip.dll
Event: 0.167 Loaded shared library C:\Users\guiat\.jdks\ms-17.0.17\bin\extnet.dll
Event: 0.180 Loaded shared library C:\Users\guiat\.jdks\ms-17.0.17\bin\jimage.dll
Event: 0.186 Loaded shared library C:\Users\guiat\AppData\Local\Temp\libgdxguiat\2a9d7f76\gdx64.dll
Event: 0.227 Loaded shared library C:\Users\guiat\AppData\Local\Temp\lwjgl_guiat\3.3.3+5\x64\lwjgl.dll
Event: 0.996 Loaded shared library C:\Users\guiat\AppData\Local\Temp\lwjgl_guiat\3.3.3+5\x64\lwjgl_opengl.dll

Deoptimization events (20 events):
Event: 0.224 Thread 0x0000023e6f01f3b0 DEOPT PACKING pc=0x0000023e07bb9940 sp=0x0000009f59bfc140
Event: 0.224 Thread 0x0000023e6f01f3b0 DEOPT UNPACKING pc=0x0000023e074a69a3 sp=0x0000009f59bfc0c8 mode 2
Event: 0.240 Thread 0x0000023e6f01f3b0 Uncommon trap: trap_request=0xffffff45 fr.pc=0x0000023e07baf5d4 relative=0x00000000000008d4
Event: 0.240 Thread 0x0000023e6f01f3b0 Uncommon trap: reason=unstable_if action=reinterpret pc=0x0000023e07baf5d4 method=java.util.HashMap.putVal(ILjava/lang/Object;Ljava/lang/Object;ZZ)Ljava/lang/Object; @ 181 c2
Event: 0.240 Thread 0x0000023e6f01f3b0 DEOPT PACKING pc=0x0000023e07baf5d4 sp=0x0000009f59bfbff0
Event: 0.240 Thread 0x0000023e6f01f3b0 DEOPT UNPACKING pc=0x0000023e074a69a3 sp=0x0000009f59bfbf90 mode 2
Event: 0.321 Thread 0x0000023e6f01f3b0 DEOPT PACKING pc=0x0000023e00053e3b sp=0x0000009f59bfad30
Event: 0.321 Thread 0x0000023e6f01f3b0 DEOPT UNPACKING pc=0x0000023e074a7143 sp=0x0000009f59bfa180 mode 0
Event: 0.991 Thread 0x0000023e6f01f3b0 Uncommon trap: trap_request=0xffffff6e fr.pc=0x0000023e07bdc950 relative=0x0000000000000430
Event: 0.991 Thread 0x0000023e6f01f3b0 Uncommon trap: reason=loop_limit_check action=maybe_recompile pc=0x0000023e07bdc950 method=java.lang.StringLatin1.indexOf([BI[BII)I @ 37 c2
Event: 0.991 Thread 0x0000023e6f01f3b0 DEOPT PACKING pc=0x0000023e07bdc950 sp=0x0000009f59bfe4b0
Event: 0.991 Thread 0x0000023e6f01f3b0 DEOPT UNPACKING pc=0x0000023e074a69a3 sp=0x0000009f59bfe410 mode 2
Event: 1.001 Thread 0x0000023e6f01f3b0 Uncommon trap: trap_request=0xffffff5c fr.pc=0x0000023e07be3ef8 relative=0x0000000000000058
Event: 1.001 Thread 0x0000023e6f01f3b0 Uncommon trap: reason=speculate_null_check action=make_not_entrant pc=0x0000023e07be3ef8 method=sun.misc.Unsafe.getLong(Ljava/lang/Object;J)J @ 5 c2
Event: 1.001 Thread 0x0000023e6f01f3b0 DEOPT PACKING pc=0x0000023e07be3ef8 sp=0x0000009f59bff070
Event: 1.001 Thread 0x0000023e6f01f3b0 DEOPT UNPACKING pc=0x0000023e074a69a3 sp=0x0000009f59bfefe8 mode 2
Event: 1.045 Thread 0x0000023e6f01f3b0 DEOPT PACKING pc=0x0000023e0003fab8 sp=0x0000009f59bfe4c0
Event: 1.045 Thread 0x0000023e6f01f3b0 DEOPT UNPACKING pc=0x0000023e074a7143 sp=0x0000009f59bfd938 mode 0
Event: 1.975 Thread 0x0000023e6f01f3b0 DEOPT PACKING pc=0x0000023e001c32e0 sp=0x0000009f59bff400
Event: 1.975 Thread 0x0000023e6f01f3b0 DEOPT UNPACKING pc=0x0000023e074a7143 sp=0x0000009f59bfe948 mode 0

Classes loaded (20 events):
Event: 0.909 Loading class java/util/concurrent/SynchronousQueue$TransferStack
Event: 0.909 Loading class java/util/concurrent/SynchronousQueue$Transferer
Event: 0.909 Loading class java/util/concurrent/SynchronousQueue$Transferer done
Event: 0.909 Loading class java/util/concurrent/SynchronousQueue$TransferStack done
Event: 0.909 Loading class java/util/concurrent/SynchronousQueue$TransferStack$SNode
Event: 0.909 Loading class java/util/concurrent/ForkJoinPool$ManagedBlocker
Event: 0.909 Loading class java/util/concurrent/ForkJoinPool$ManagedBlocker done
Event: 0.909 Loading class java/util/concurrent/SynchronousQueue$TransferStack$SNode done
Event: 0.909 Loading class java/util/concurrent/locks/AbstractQueuedSynchronizer$ConditionObject
Event: 0.909 Loading class java/util/concurrent/locks/Condition
Event: 0.909 Loading class java/util/concurrent/locks/Condition done
Event: 0.909 Loading class java/util/concurrent/locks/AbstractQueuedSynchronizer$ConditionObject done
Event: 1.034 Loading class java/lang/NumberFormatException
Event: 1.034 Loading class java/lang/NumberFormatException done
Event: 1.091 Loading class java/util/NoSuchElementException
Event: 1.091 Loading class java/util/NoSuchElementException done
Event: 1.120 Loading class java/io/UnsupportedEncodingException
Event: 1.120 Loading class java/io/UnsupportedEncodingException done
Event: 1.208 Loading class java/util/regex/Pattern$1
Event: 1.209 Loading class java/util/regex/Pattern$1 done

Classes unloaded (0 events):
No events

Classes redefined (0 events):
No events

Internal exceptions (20 events):
Event: 0.206 Thread 0x0000023e6f01f3b0 Exception <a 'java/lang/NoSuchMethodError'{0x00000007139e1948}: 'int java.lang.invoke.DirectMethodHandle$Holder.invokeSpecial(java.lang.Object, java.lang.Object, java.lang.Object)'> (0x00000007139e1948) 
thrown [s\src\hotspot\share\interpreter\linkResolver.cpp, line 759]
Event: 0.224 Thread 0x0000023e6f01f3b0 Exception <a 'sun/nio/fs/WindowsException'{0x00000007136289a0}> (0x00000007136289a0) 
thrown [s\src\hotspot\share\prims\jni.cpp, line 516]
Event: 0.225 Thread 0x0000023e6f01f3b0 Exception <a 'sun/nio/fs/WindowsException'{0x0000000713628ef0}> (0x0000000713628ef0) 
thrown [s\src\hotspot\share\prims\jni.cpp, line 516]
Event: 0.258 Thread 0x0000023e6f01f3b0 Exception <a 'java/lang/NoSuchMethodError'{0x00000007136cc8b0}: 'int java.lang.invoke.DirectMethodHandle$Holder.invokeStaticInit(java.lang.Object, java.lang.Object, int, long)'> (0x00000007136cc8b0) 
thrown [s\src\hotspot\share\interpreter\linkResolver.cpp, line 759]
Event: 0.259 Thread 0x0000023e6f01f3b0 Exception <a 'java/lang/NoSuchMethodError'{0x00000007136d2178}: 'java.lang.Object java.lang.invoke.DirectMethodHandle$Holder.newInvokeSpecial(java.lang.Object, java.lang.Object, int)'> (0x00000007136d2178) 
thrown [s\src\hotspot\share\interpreter\linkResolver.cpp, line 759]
Event: 0.260 Thread 0x0000023e6f01f3b0 Exception <a 'java/lang/NoSuchMethodError'{0x00000007136e0e18}: 'int java.lang.invoke.DirectMethodHandle$Holder.invokeStaticInit(java.lang.Object, java.lang.Object, long, long)'> (0x00000007136e0e18) 
thrown [s\src\hotspot\share\interpreter\linkResolver.cpp, line 759]
Event: 0.261 Thread 0x0000023e6f01f3b0 Exception <a 'java/lang/NoSuchMethodError'{0x00000007136e7170}: 'java.lang.Object java.lang.invoke.DirectMethodHandle$Holder.newInvokeSpecial(java.lang.Object, java.lang.Object, long)'> (0x00000007136e7170) 
thrown [s\src\hotspot\share\interpreter\linkResolver.cpp, line 759]
Event: 0.262 Thread 0x0000023e6f01f3b0 Exception <a 'java/lang/NoSuchMethodError'{0x00000007136eb1b8}: 'java.lang.Object java.lang.invoke.Invokers$Holder.linkToTargetMethod(java.lang.Object, long, java.lang.Object)'> (0x00000007136eb1b8) 
thrown [s\src\hotspot\share\interpreter\linkResolver.cpp, line 759]
Event: 0.263 Thread 0x0000023e6f01f3b0 Exception <a 'java/lang/NoSuchMethodError'{0x00000007136f28d0}: 'int java.lang.invoke.DirectMethodHandle$Holder.invokeStaticInit(java.lang.Object, java.lang.Object, java.lang.Object, long)'> (0x00000007136f28d0) 
thrown [s\src\hotspot\share\interpreter\linkResolver.cpp, line 759]
Event: 0.280 Thread 0x0000023e6f01f3b0 Exception <a 'sun/nio/fs/WindowsException'{0x000000071375bd50}> (0x000000071375bd50) 
thrown [s\src\hotspot\share\prims\jni.cpp, line 516]
Event: 0.280 Thread 0x0000023e6f01f3b0 Exception <a 'sun/nio/fs/WindowsException'{0x000000071375c0e0}> (0x000000071375c0e0) 
thrown [s\src\hotspot\share\prims\jni.cpp, line 516]
Event: 0.299 Thread 0x0000023e6f01f3b0 Exception <a 'sun/nio/fs/WindowsException'{0x00000007137fc160}> (0x00000007137fc160) 
thrown [s\src\hotspot\share\prims\jni.cpp, line 516]
Event: 0.299 Thread 0x0000023e6f01f3b0 Exception <a 'sun/nio/fs/WindowsException'{0x00000007137fc4c0}> (0x00000007137fc4c0) 
thrown [s\src\hotspot\share\prims\jni.cpp, line 516]
Event: 0.338 Thread 0x0000023e6f01f3b0 Exception <a 'sun/nio/fs/WindowsException'{0x0000000713488950}> (0x0000000713488950) 
thrown [s\src\hotspot\share\prims\jni.cpp, line 516]
Event: 0.338 Thread 0x0000023e6f01f3b0 Exception <a 'sun/nio/fs/WindowsException'{0x0000000713488cd0}> (0x0000000713488cd0) 
thrown [s\src\hotspot\share\prims\jni.cpp, line 516]
Event: 0.898 Thread 0x0000023e6f01f3b0 Exception <a 'java/lang/NoSuchMethodError'{0x00000007134cdec0}: 'java.lang.Object java.lang.invoke.DirectMethodHandle$Holder.newInvokeSpecial(java.lang.Object, long)'> (0x00000007134cdec0) 
thrown [s\src\hotspot\share\interpreter\linkResolver.cpp, line 759]
Event: 0.995 Thread 0x0000023e6f01f3b0 Exception <a 'sun/nio/fs/WindowsException'{0x000000071328a1c0}> (0x000000071328a1c0) 
thrown [s\src\hotspot\share\prims\jni.cpp, line 516]
Event: 0.995 Thread 0x0000023e6f01f3b0 Exception <a 'sun/nio/fs/WindowsException'{0x000000071328a560}> (0x000000071328a560) 
thrown [s\src\hotspot\share\prims\jni.cpp, line 516]
Event: 0.999 Thread 0x0000023e6f01f3b0 Exception <a 'sun/nio/fs/WindowsException'{0x000000071329b698}> (0x000000071329b698) 
thrown [s\src\hotspot\share\prims\jni.cpp, line 516]
Event: 0.999 Thread 0x0000023e6f01f3b0 Exception <a 'sun/nio/fs/WindowsException'{0x000000071329b968}> (0x000000071329b968) 
thrown [s\src\hotspot\share\prims\jni.cpp, line 516]

VM Operations (8 events):
Event: 0.160 Executing VM operation: HandshakeAllThreads
Event: 0.160 Executing VM operation: HandshakeAllThreads done
Event: 0.182 Executing VM operation: HandshakeAllThreads
Event: 0.182 Executing VM operation: HandshakeAllThreads done
Event: 0.204 Executing VM operation: HandshakeAllThreads
Event: 0.204 Executing VM operation: HandshakeAllThreads done
Event: 1.209 Executing VM operation: Cleanup
Event: 1.210 Executing VM operation: Cleanup done

Memory protections (0 events):
No events

Nmethod flushes (0 events):
No events

Events (20 events):
Event: 0.033 Thread 0x0000023e6f01f3b0 Thread added: 0x0000023e54033290
Event: 0.033 Thread 0x0000023e6f01f3b0 Thread added: 0x0000023e54035f50
Event: 0.033 Thread 0x0000023e6f01f3b0 Thread added: 0x0000023e54036f20
Event: 0.033 Thread 0x0000023e6f01f3b0 Thread added: 0x0000023e54037830
Event: 0.036 Thread 0x0000023e54036f20 Thread added: 0x0000023e540f3d70
Event: 0.091 Thread 0x0000023e6f01f3b0 Thread added: 0x0000023e7f7494e0
Event: 0.095 Thread 0x0000023e54036f20 Thread added: 0x0000023e7f749bc0
Event: 0.095 Thread 0x0000023e54036f20 Thread added: 0x0000023e54160ba0
Event: 0.099 Thread 0x0000023e540f3d70 Thread added: 0x0000023e541c9550
Event: 0.101 Thread 0x0000023e54036f20 Thread added: 0x0000023e541f3f80
Event: 0.158 Thread 0x0000023e6f01f3b0 Thread added: 0x0000023e543fe060
Event: 0.158 Thread 0x0000023e6f01f3b0 Thread added: 0x0000023e543fe540
Event: 0.898 Thread 0x0000023e54160ba0 Thread exited: 0x0000023e54160ba0
Event: 0.899 Thread 0x0000023e7f749bc0 Thread exited: 0x0000023e7f749bc0
Event: 0.899 Thread 0x0000023e540f3d70 Thread exited: 0x0000023e540f3d70
Event: 0.906 Thread 0x0000023e6f01f3b0 Thread added: 0x0000023e5a229680
Event: 1.000 Thread 0x0000023e541f3f80 Thread exited: 0x0000023e541f3f80
Event: 1.212 Thread 0x0000023e54036f20 Thread added: 0x0000023e5a9b78a0
Event: 1.226 Thread 0x0000023e6f01f3b0 Thread added: 0x0000023e5a9b6940
Event: 1.409 Thread 0x0000023e541c9550 Thread exited: 0x0000023e541c9550


Dynamic libraries:
0x00007ff65f490000 - 0x00007ff65f49e000 	C:\Users\guiat\.jdks\ms-17.0.17\bin\java.exe
0x00007ff88a8e0000 - 0x00007ff88ab48000 	C:\WINDOWS\SYSTEM32\ntdll.dll
0x00007ff8897e0000 - 0x00007ff8898a9000 	C:\WINDOWS\System32\KERNEL32.DLL
0x00007ff887f50000 - 0x00007ff888348000 	C:\WINDOWS\System32\KERNELBASE.dll
0x00007ff888400000 - 0x00007ff88854b000 	C:\WINDOWS\System32\ucrtbase.dll
0x00007ff87ef20000 - 0x00007ff87ef38000 	C:\Users\guiat\.jdks\ms-17.0.17\bin\jli.dll
0x00007ff87ef00000 - 0x00007ff87ef1e000 	C:\Users\guiat\.jdks\ms-17.0.17\bin\VCRUNTIME140.dll
0x00007ff889c50000 - 0x00007ff889e17000 	C:\WINDOWS\System32\USER32.dll
0x00007ff887c70000 - 0x00007ff887c97000 	C:\WINDOWS\System32\win32u.dll
0x00007ff888720000 - 0x00007ff88874b000 	C:\WINDOWS\System32\GDI32.dll
0x00007ff888550000 - 0x00007ff88867c000 	C:\WINDOWS\System32\gdi32full.dll
0x00007ff888350000 - 0x00007ff8883f3000 	C:\WINDOWS\System32\msvcp_win.dll
0x00007ff8669f0000 - 0x00007ff866c84000 	C:\WINDOWS\WinSxS\amd64_microsoft.windows.common-controls_6595b64144ccf1df_6.0.26100.7019_none_3e06ffa0e335b8a8\COMCTL32.dll
0x00007ff8892c0000 - 0x00007ff889369000 	C:\WINDOWS\System32\msvcrt.dll
0x00007ff889930000 - 0x00007ff889961000 	C:\WINDOWS\System32\IMM32.DLL
0x00007ff87eef0000 - 0x00007ff87eefc000 	C:\Users\guiat\.jdks\ms-17.0.17\bin\vcruntime140_1.dll
0x00007ff87ad70000 - 0x00007ff87adf9000 	C:\Users\guiat\.jdks\ms-17.0.17\bin\msvcp140.dll
0x00007fff8de60000 - 0x00007fff8eada000 	C:\Users\guiat\.jdks\ms-17.0.17\bin\server\jvm.dll
0x00007ff88a7e0000 - 0x00007ff88a894000 	C:\WINDOWS\System32\ADVAPI32.dll
0x00007ff88a730000 - 0x00007ff88a7d6000 	C:\WINDOWS\System32\sechost.dll
0x00007ff888fa0000 - 0x00007ff8890b8000 	C:\WINDOWS\System32\RPCRT4.dll
0x00007ff8898b0000 - 0x00007ff889924000 	C:\WINDOWS\System32\WS2_32.dll
0x00007ff887890000 - 0x00007ff8878ee000 	C:\WINDOWS\SYSTEM32\POWRPROF.dll
0x00007ff87e0d0000 - 0x00007ff87e0db000 	C:\WINDOWS\SYSTEM32\VERSION.dll
0x00007ff87b050000 - 0x00007ff87b085000 	C:\WINDOWS\SYSTEM32\WINMM.dll
0x00007ff887870000 - 0x00007ff887884000 	C:\WINDOWS\SYSTEM32\UMPDC.dll
0x00007ff8867f0000 - 0x00007ff88680b000 	C:\WINDOWS\SYSTEM32\kernel.appcore.dll
0x00007ff87eee0000 - 0x00007ff87eeea000 	C:\Users\guiat\.jdks\ms-17.0.17\bin\jimage.dll
0x00007ff885090000 - 0x00007ff8852d2000 	C:\WINDOWS\SYSTEM32\DBGHELP.DLL
0x00007ff889450000 - 0x00007ff8897db000 	C:\WINDOWS\System32\combase.dll
0x00007ff889370000 - 0x00007ff889447000 	C:\WINDOWS\System32\OLEAUT32.dll
0x00007ff85c880000 - 0x00007ff85c8bc000 	C:\WINDOWS\SYSTEM32\dbgcore.DLL
0x00007ff887ea0000 - 0x00007ff887f45000 	C:\WINDOWS\System32\bcryptPrimitives.dll
0x00007ff87eed0000 - 0x00007ff87eedf000 	C:\Users\guiat\.jdks\ms-17.0.17\bin\instrument.dll
0x00007ff87eea0000 - 0x00007ff87eec6000 	C:\Users\guiat\.jdks\ms-17.0.17\bin\java.dll
0x00007ff87aa50000 - 0x00007ff87ab26000 	C:\Users\guiat\.jdks\ms-17.0.17\bin\jsvml.dll
0x00007ff889fb0000 - 0x00007ff88a6ff000 	C:\WINDOWS\System32\SHELL32.dll
0x00007ff887d30000 - 0x00007ff887e9b000 	C:\WINDOWS\System32\wintypes.dll
0x00007ff885640000 - 0x00007ff885e9d000 	C:\WINDOWS\SYSTEM32\windows.storage.dll
0x00007ff889e20000 - 0x00007ff889f12000 	C:\WINDOWS\System32\SHCORE.dll
0x00007ff889970000 - 0x00007ff8899d7000 	C:\WINDOWS\System32\shlwapi.dll
0x00007ff887950000 - 0x00007ff887979000 	C:\WINDOWS\SYSTEM32\profapi.dll
0x00007ff87e520000 - 0x00007ff87e538000 	C:\Users\guiat\.jdks\ms-17.0.17\bin\zip.dll
0x00007ff87ee80000 - 0x00007ff87ee9b000 	C:\Users\guiat\.jdks\ms-17.0.17\bin\net.dll
0x00007ff87c390000 - 0x00007ff87c4b8000 	C:\WINDOWS\SYSTEM32\WINHTTP.dll
0x00007ff886d60000 - 0x00007ff886dcb000 	C:\WINDOWS\system32\mswsock.dll
0x00007ff87e540000 - 0x00007ff87e556000 	C:\Users\guiat\.jdks\ms-17.0.17\bin\nio.dll
0x00007ff87e510000 - 0x00007ff87e519000 	C:\Users\guiat\.jdks\ms-17.0.17\bin\extnet.dll
0x000000006e700000 - 0x000000006e72d000 	C:\Users\guiat\AppData\Local\Temp\libgdxguiat\2a9d7f76\gdx64.dll
0x00007ff87a9d0000 - 0x00007ff87aa4b000 	C:\Users\guiat\AppData\Local\Temp\lwjgl_guiat\3.3.3+5\x64\lwjgl.dll
0x00007fff8fea0000 - 0x00007fff90110000 	C:\Users\guiat\AppData\Local\Temp\lwjgl_guiat\3.3.3+5\x64\jemalloc.dll
0x00007ff87a910000 - 0x00007ff87a992000 	C:\Users\guiat\AppData\Local\Temp\lwjgl_guiat\3.3.3+5\x64\glfw.dll
0x00007ff87a8c0000 - 0x00007ff87a90b000 	C:\WINDOWS\SYSTEM32\dinput8.dll
0x00007ff87a8a0000 - 0x00007ff87a8bc000 	C:\WINDOWS\SYSTEM32\xinput1_4.dll
0x00007ff887580000 - 0x00007ff8875d7000 	C:\WINDOWS\SYSTEM32\cfgmgr32.dll
0x00007ff8875e0000 - 0x00007ff88760d000 	C:\WINDOWS\SYSTEM32\DEVOBJ.dll
0x00007ff884cd0000 - 0x00007ff884d00000 	C:\WINDOWS\SYSTEM32\dwmapi.dll
0x00007ff86ccf0000 - 0x00007ff86ced1000 	C:\WINDOWS\SYSTEM32\inputhost.dll
0x00007ff8841f0000 - 0x00007ff884317000 	C:\WINDOWS\SYSTEM32\CoreMessaging.dll
0x00007ff884830000 - 0x00007ff8848da000 	C:\WINDOWS\system32\uxtheme.dll
0x00007ff8899e0000 - 0x00007ff889b3e000 	C:\WINDOWS\System32\MSCTF.dll
0x00007ff887040000 - 0x00007ff88704c000 	C:\WINDOWS\SYSTEM32\CRYPTBASE.DLL
0x00007fff8dc90000 - 0x00007fff8de57000 	C:\Users\guiat\AppData\Local\Temp\lwjgl_guiat\3.3.3+5\x64\OpenAL.dll
0x00007ff8890c0000 - 0x00007ff889257000 	C:\WINDOWS\System32\ole32.dll
0x00007ff888c50000 - 0x00007ff888d00000 	C:\WINDOWS\System32\clbcatq.dll
0x00007ff87d270000 - 0x00007ff87d307000 	C:\WINDOWS\System32\MMDevApi.dll
0x00007ff871bc0000 - 0x00007ff871d75000 	C:\WINDOWS\SYSTEM32\AUDIOSES.DLL
0x00007ff884d60000 - 0x00007ff884d74000 	C:\WINDOWS\SYSTEM32\resourcepolicyclient.dll
0x00007ff80bcd0000 - 0x00007ff80bddc000 	C:\WINDOWS\SYSTEM32\opengl32.dll
0x00007ff811f00000 - 0x00007ff811f2d000 	C:\WINDOWS\SYSTEM32\GLU32.dll
0x00007ff884910000 - 0x00007ff884953000 	C:\WINDOWS\SYSTEM32\dxcore.dll
0x00007ff87f930000 - 0x00007ff87f993000 	C:\WINDOWS\SYSTEM32\directxdatabasehelper.dll
0x00007ff870350000 - 0x00007ff87036a000 	C:\WINDOWS\SYSTEM32\windows.staterepositorycore.dll
0x00007fff8c730000 - 0x00007fff8dc81000 	C:\WINDOWS\System32\DriverStore\FileRepository\iigd_dch.inf_amd64_5f16458c3144ade1\igxelpicd64.dll
0x00007ff84bbc0000 - 0x00007ff84bbe3000 	C:\WINDOWS\SYSTEM32\d3d12.dll
0x00007ff884970000 - 0x00007ff884aa9000 	C:\WINDOWS\SYSTEM32\dxgi.dll
0x00007fffc7ae0000 - 0x00007fffc7c87000 	C:\WINDOWS\System32\DriverStore\FileRepository\iigd_dch.inf_amd64_5f16458c3144ade1\igdml64.dll
0x00007ff87a0e0000 - 0x00007ff87a673000 	C:\WINDOWS\System32\DriverStore\FileRepository\iigd_dch.inf_amd64_5f16458c3144ade1\igdgmm64.dll
0x00007ff874fb0000 - 0x00007ff87a0d6000 	C:\WINDOWS\System32\DriverStore\FileRepository\iigd_dch.inf_amd64_5f16458c3144ade1\igc64.dll
0x00007ff85fef0000 - 0x00007ff85ff4e000 	C:\Users\guiat\AppData\Local\Temp\lwjgl_guiat\3.3.3+5\x64\lwjgl_opengl.dll
0x00007ff86cba0000 - 0x00007ff86cce7000 	C:\WINDOWS\SYSTEM32\textinputframework.dll
0x00007ff87d310000 - 0x00007ff87d5f2000 	C:\WINDOWS\SYSTEM32\CoreUIComponents.dll

dbghelp: loaded successfully - version: 4.0.5 - missing functions: none
symbol engine: initialized successfully - sym options: 0x614 - pdb path: .;C:\Users\guiat\.jdks\ms-17.0.17\bin;C:\WINDOWS\SYSTEM32;C:\WINDOWS\WinSxS\amd64_microsoft.windows.common-controls_6595b64144ccf1df_6.0.26100.7019_none_3e06ffa0e335b8a8;C:\Users\guiat\.jdks\ms-17.0.17\bin\server;C:\Users\guiat\AppData\Local\Temp\libgdxguiat\2a9d7f76;C:\Users\guiat\AppData\Local\Temp\lwjgl_guiat\3.3.3+5\x64;C:\WINDOWS\System32\DriverStore\FileRepository\iigd_dch.inf_amd64_5f16458c3144ade1

VM Arguments:
jvm_args: -javaagent:C:\Program Files\JetBrains\IntelliJ IDEA 2025.2.3\lib\idea_rt.jar=61187 -Dfile.encoding=UTF-8 
java_command: startgame.Main
java_class_path (initial): C:\Users\guiat\IdeaProjects\Projeto-PI\gamemain\target\classes;C:\Users\guiat\.m2\repository\com\badlogicgames\gdx\gdx\1.12.1\gdx-1.12.1.jar;C:\Users\guiat\.m2\repository\com\badlogicgames\gdx\gdx-jnigen-loader\2.3.1\gdx-jnigen-loader-2.3.1.jar;C:\Users\guiat\.m2\repository\com\badlogicgames\gdx\gdx-backend-lwjgl3\1.12.1\gdx-backend-lwjgl3-1.12.1.jar;C:\Users\guiat\.m2\repository\org\lwjgl\lwjgl\3.3.3\lwjgl-3.3.3.jar;C:\Users\guiat\.m2\repository\org\lwjgl\lwjgl\3.3.3\lwjgl-3.3.3-natives-linux.jar;C:\Users\guiat\.m2\repository\org\lwjgl\lwjgl\3.3.3\lwjgl-3.3.3-natives-linux-arm32.jar;C:\Users\guiat\.m2\repository\org\lwjgl\lwjgl\3.3.3\lwjgl-3.3.3-natives-linux-arm64.jar;C:\Users\guiat\.m2\repository\org\lwjgl\lwjgl\3.3.3\lwjgl-3.3.3-natives-macos.jar;C:\Users\guiat\.m2\repository\org\lwjgl\lwjgl\3.3.3\lwjgl-3.3.3-natives-macos-arm64.jar;C:\Users\guiat\.m2\repository\org\lwjgl\lwjgl\3.3.3\lwjgl-3.3.3-natives-windows.jar;C:\Users\guiat\.m2\repository\org\lwjgl\lwjgl\3.3.3\lwjgl-3.3.3-natives-windows-x86.jar;C:\Users\guiat\.m2\repository\org\lwjgl\lwjgl-glfw\3.3.3\lwjgl-glfw-3.3.3.jar;C:\Users\guiat\.m2\repository\org\lwjgl\lwjgl-glfw\3.3.3\lwjgl-glfw-3.3.3-natives-linux.jar;C:\Users\guiat\.m2\repository\org\lwjgl\lwjgl-glfw\3.3.3\lwjgl-glfw-3.3.3-natives-linux-arm32.jar;C:\Users\guiat\.m2\repository\org\lwjgl\lwjgl-glfw\3.3.3\lwjgl-glfw-3.3.3-natives-linux-arm64.jar;C:\Users\guiat\.m2\repository\org\lwjgl\lwjgl-glfw\3.3.3\lwjgl-glfw-3.3.3-natives-macos.jar;C:\Users\guiat\.m2\repository\org\lwjgl\lwjgl-glfw\3.3.3\lwjgl-glfw-3.3.3-natives-macos-arm64.jar;C:\Users\guiat\.m2\repository\org\lwjgl\lwjgl-glfw\3.3.3\lwjgl-glfw-3.3.3-natives-windows.jar;C:\Users\guiat\.m2\repository\org\lwjgl\lwjgl-glfw\3.3.3\lwjgl-glfw-3.3.3-natives-windows-x86.jar;C:\Users\guiat\.m2\repository\org\lwjgl\lwjgl-jemalloc\3.3.3\lwjgl-jemalloc-3.3.3.jar;C:\Users\guiat\.m2\repository\org\lwjgl\lwjgl-jemalloc\3.3.3\lwjgl-jemalloc-3.3.3-natives-linux.jar;C:\Users\guiat\.
Launcher Type: SUN_STANDARD

[Global flags]
     intx CICompilerCount                          = 12                                        {product} {ergonomic}
     uint ConcGCThreads                            = 3                                         {product} {ergonomic}
     uint G1ConcRefinementThreads                  = 13                                        {product} {ergonomic}
   size_t G1HeapRegionSize                         = 2097152                                   {product} {ergonomic}
    uintx GCDrainStackTargetSize                   = 64                                        {product} {ergonomic}
   size_t InitialHeapSize                          = 264241152                                 {product} {ergonomic}
   size_t MarkStackSize                            = 4194304                                   {product} {ergonomic}
   size_t MaxHeapSize                              = 4223664128                                {product} {ergonomic}
   size_t MaxNewSize                               = 2533359616                                {product} {ergonomic}
   size_t MinHeapDeltaBytes                        = 2097152                                   {product} {ergonomic}
   size_t MinHeapSize                              = 8388608                                   {product} {ergonomic}
    uintx NonNMethodCodeHeapSize                   = 7602480                                {pd product} {ergonomic}
    uintx NonProfiledCodeHeapSize                  = 122027880                              {pd product} {ergonomic}
    uintx ProfiledCodeHeapSize                     = 122027880                              {pd product} {ergonomic}
    uintx ReservedCodeCacheSize                    = 251658240                              {pd product} {ergonomic}
     bool SegmentedCodeCache                       = true                                      {product} {ergonomic}
   size_t SoftMaxHeapSize                          = 4223664128                             {manageable} {ergonomic}
     bool UseCompressedClassPointers               = true                           {product lp64_product} {ergonomic}
     bool UseCompressedOops                        = true                           {product lp64_product} {ergonomic}
     bool UseG1GC                                  = true                                      {product} {ergonomic}
     bool UseLargePagesIndividualAllocation        = false                                  {pd product} {ergonomic}

Logging:
Log output configuration:
 #0: stdout all=warning uptime,level,tags
 #1: stderr all=off uptime,level,tags

Environment Variables:
PATH=C:\Program Files\Common Files\Oracle\Java\javapath;C:\Python313\Scripts\;C:\Python313\;C:\Program Files\Common Files\Siemens\Automation\Simatic OAM\bin;C:\WINDOWS\system32;C:\WINDOWS;C:\WINDOWS\System32\Wbem;C:\WINDOWS\System32\WindowsPowerShell\v1.0\;C:\WINDOWS\System32\OpenSSH\;C:\Program Files (x86)\NVIDIA Corporation\PhysX\Common;C:\Program Files\dotnet\;C:\Program Files\NVIDIA Corporation\NVIDIA app\NvDLISR;C:\Program Files\MATLAB\R2024b\bin;C:\Program Files (x86)\Microsoft SQL Server\160\DTS\Binn\;C:\Program Files\nodejs\;C:\ProgramData\chocolatey\bin;C:\Program Files\Git\cmd;C:\Program Files (x86)\National Instruments\Shared\LabVIEW CLI;C:\Users\guiat\AppData\Local\Microsoft\WindowsApps;C:\Users\guiat\AppData\Local\Programs\Microsoft VS Code\bin;C:\Users\guiat\AppData\Roaming\npm
USERNAME=guiat
OS=Windows_NT
PROCESSOR_IDENTIFIER=Intel64 Family 6 Model 154 Stepping 3, GenuineIntel
TMP=C:\Users\guiat\AppData\Local\Temp
TEMP=C:\Users\guiat\AppData\Local\Temp



Periodic native trim disabled


---------------  S Y S T E M  ---------------

OS:
 Windows 11 , 64 bit Build 26100 (10.0.26100.7019)
OS uptime: 0 days 0:56 hours
Hyper-V role detected

CPU: total 16 (initial active 16) (8 cores per cpu, 2 threads per core) family 6 model 154 stepping 3 microcode 0x41e, cx8, cmov, fxsr, ht, mmx, 3dnowpref, sse, sse2, sse3, ssse3, sse4.1, sse4.2, popcnt, lzcnt, tsc, tscinvbit, avx, avx2, aes, erms, clmul, bmi1, bmi2, adx, sha, fma, vzeroupper, clflush, clflushopt, clwb, hv
Processor Information for processor 0
  Max Mhz: 2500, Current Mhz: 2500, Mhz Limit: 2500
Processor Information for processor 1
  Max Mhz: 2500, Current Mhz: 2500, Mhz Limit: 2500
Processor Information for processor 2
  Max Mhz: 2500, Current Mhz: 2500, Mhz Limit: 2500
Processor Information for processor 3
  Max Mhz: 2500, Current Mhz: 2500, Mhz Limit: 2500
Processor Information for processor 4
  Max Mhz: 2500, Current Mhz: 2500, Mhz Limit: 2500
Processor Information for processor 5
  Max Mhz: 2500, Current Mhz: 2500, Mhz Limit: 2500
Processor Information for processor 6
  Max Mhz: 2500, Current Mhz: 2500, Mhz Limit: 2500
Processor Information for processor 7
  Max Mhz: 2500, Current Mhz: 2500, Mhz Limit: 2500
Processor Information for processor 8
  Max Mhz: 2500, Current Mhz: 1800, Mhz Limit: 1800
Processor Information for processor 9
  Max Mhz: 2500, Current Mhz: 1800, Mhz Limit: 1800
Processor Information for processor 10
  Max Mhz: 2500, Current Mhz: 1800, Mhz Limit: 1800
Processor Information for processor 11
  Max Mhz: 2500, Current Mhz: 1500, Mhz Limit: 1800
Processor Information for processor 12
  Max Mhz: 2500, Current Mhz: 1800, Mhz Limit: 1800
Processor Information for processor 13
  Max Mhz: 2500, Current Mhz: 1800, Mhz Limit: 1800
Processor Information for processor 14
  Max Mhz: 2500, Current Mhz: 1500, Mhz Limit: 1800
Processor Information for processor 15
  Max Mhz: 2500, Current Mhz: 1500, Mhz Limit: 1800

Memory: 4k page, system-wide physical 16104M (3218M free)
TotalPageFile size 28392M (AvailPageFile size 12289M)
current process WorkingSet (physical memory assigned to process): 202M, peak: 213M
current process commit charge ("private bytes"): 458M, peak: 471M

vm_info: OpenJDK 64-Bit Server VM (17.0.17+10-LTS) for windows-amd64 JRE (17.0.17+10-LTS), built on Oct 13 2025 22:19:56 by "MicrosoftCorporation" with unknown MS VC++:1944

END.
